BOB WIRE
1       123 DIRT RD
        SAN ANTONIO, TX 78210

2       123 DIRT
        SAN ANTONIO, TX 78210

3       123 DIRT LN
        SAN ANTONIO, TX 78210

PENNY LOAFER
1       111 SHOE LN
        SAN ANTONIO, TX  78249-1234

2       111 SHOE ST
        SAN ANTONIO, TX  78249-1234

3       111 BOOT ST SOUTH APT #5A
        SAN ANTONIO, TX  78230

4       111 S BOOT STREET NR 5A
        SAN ANTONIO, TX  78230

FLO N WATER
1       45 S.W. VISTA RIO GRANDE RD
        SAN ANTONIO, TX 78210

2       45 S WEST VISTA RIO GRANDE RD
        SAN ANTONIO, TX 78210

3       45 SOUTHWEST VISTA RIO GRANDE ROAD
        SAN ANTONOI, TX 78210

HOLLY WOOD
1       12 WEST AVE APT 23D
        LOS ANGELES, CA 90009

2       12 WEST AVE #23D
        LOS ANGELES, CA 90009

3       12 WEST A ST NR 23
        LOS ANGELES, CA 90009

4       12 WEST A ST NR 23
        LOS VEGAS, CA 90009

